Flow report for AP9
Tue May 26 21:00:35 2015
Quartus II 64-Bit Version 14.1.1 Build 190 01/19/2015 SJ Web Edition


---------------------
; Table of Contents ;
---------------------
  1. Legal Notice
  2. Flow Summary
  3. Flow Settings
  4. Flow Non-Default Global Settings
  5. Flow Elapsed Time
  6. Flow OS Summary
  7. Flow Log
  8. Flow Messages
  9. Flow Suppressed Messages



----------------
; Legal Notice ;
----------------
Copyright (C) 1991-2015 Altera Corporation. All rights reserved.
Your use of Altera Corporation's design tools, logic functions 
and other software and tools, and its AMPP partner logic 
functions, and any output files from any of the foregoing 
(including device programming or simulation files), and any 
associated documentation or information are expressly subject 
to the terms and conditions of the Altera Program License 
Subscription Agreement, the Altera Quartus II License Agreement,
the Altera MegaCore Function License Agreement, or other 
applicable license agreement, including, without limitation, 
that your use is for the sole purpose of programming logic 
devices manufactured by Altera and sold by Altera or its 
authorized distributors.  Please refer to the applicable 
agreement for further details.



+---------------------------------------------------------------------------------+
; Flow Summary                                                                    ;
+------------------------------------+--------------------------------------------+
; Flow Status                        ; Successful - Tue May 26 21:00:28 2015      ;
; Quartus II 64-Bit Version          ; 14.1.1 Build 190 01/19/2015 SJ Web Edition ;
; Revision Name                      ; AP9                                        ;
; Top-level Entity Name              ; AP9                                        ;
; Family                             ; Cyclone IV E                               ;
; Device                             ; EP4CE115F29C7                              ;
; Timing Models                      ; Final                                      ;
; Total logic elements               ; 3,751 / 114,480 ( 3 % )                    ;
;     Total combinational functions  ; 3,698 / 114,480 ( 3 % )                    ;
;     Dedicated logic registers      ; 817 / 114,480 ( < 1 % )                    ;
; Total registers                    ; 919                                        ;
; Total pins                         ; 112 / 529 ( 21 % )                         ;
; Total virtual pins                 ; 0                                          ;
; Total memory bits                  ; 528,384 / 3,981,312 ( 13 % )               ;
; Embedded Multiplier 9-bit elements ; 2 / 532 ( < 1 % )                          ;
; Total PLLs                         ; 1 / 4 ( 25 % )                             ;
+------------------------------------+--------------------------------------------+


+-----------------------------------------+
; Flow Settings                           ;
+-------------------+---------------------+
; Option            ; Setting             ;
+-------------------+---------------------+
; Start date & time ; 05/26/2015 20:58:10 ;
; Main task         ; Compilation         ;
; Revision Name     ; AP9                 ;
+-------------------+---------------------+


+------------------------------------------------------------------------------------------------------------------------+
; Flow Non-Default Global Settings                                                                                       ;
+-------------------------------------+---------------------------------------+---------------+-------------+------------+
; Assignment Name                     ; Value                                 ; Default Value ; Entity Name ; Section Id ;
+-------------------------------------+---------------------------------------+---------------+-------------+------------+
; BLOCK_DESIGN_NAMING                 ; QuartusII                             ; Auto          ; --          ; --         ;
; COMPILER_SIGNATURE_ID               ; 35641970652462.143268469004055        ; --            ; --          ; --         ;
; FITTER_EFFORT                       ; Fast Fit                              ; Auto Fit      ; --          ; --         ;
; MAX_CORE_JUNCTION_TEMP              ; 85                                    ; --            ; --          ; --         ;
; MIN_CORE_JUNCTION_TEMP              ; 0                                     ; --            ; --          ; --         ;
; MISC_FILE                           ; AP9.dpf                               ; --            ; --          ; --         ;
; MISC_FILE                           ; lpm_rom0.bsf                          ; --            ; --          ; --         ;
; MISC_FILE                           ; lpm_rom0.cmp                          ; --            ; --          ; --         ;
; MISC_FILE                           ; RAM.bsf                               ; --            ; --          ; --         ;
; MISC_FILE                           ; RAM.cmp                               ; --            ; --          ; --         ;
; MISC_FILE                           ; altpll0.bsf                           ; --            ; --          ; --         ;
; MISC_FILE                           ; altpll0.cmp                           ; --            ; --          ; --         ;
; MISC_FILE                           ; altpll0.ppf                           ; --            ; --          ; --         ;
; MISC_FILE                           ; altpll1.bsf                           ; --            ; --          ; --         ;
; MISC_FILE                           ; altpll1.cmp                           ; --            ; --          ; --         ;
; MISC_FILE                           ; altpll1.ppf                           ; --            ; --          ; --         ;
; PARTITION_COLOR                     ; 16764057                              ; --            ; --          ; Top        ;
; PARTITION_FITTER_PRESERVATION_LEVEL ; PLACEMENT_AND_ROUTING                 ; --            ; --          ; Top        ;
; PARTITION_NETLIST_TYPE              ; SOURCE                                ; --            ; --          ; Top        ;
; POWER_BOARD_THERMAL_MODEL           ; None (CONSERVATIVE)                   ; --            ; --          ; --         ;
; POWER_PRESET_COOLING_SOLUTION       ; 23 MM HEAT SINK WITH 200 LFPM AIRFLOW ; --            ; --          ; --         ;
; SAVE_DISK_SPACE                     ; Off                                   ; On            ; --          ; --         ;
; SMART_RECOMPILE                     ; On                                    ; Off           ; --          ; --         ;
; SYNTH_TIMING_DRIVEN_SYNTHESIS       ; Off                                   ; On            ; --          ; --         ;
; TIMEQUEST_MULTICORNER_ANALYSIS      ; Off                                   ; On            ; --          ; --         ;
+-------------------------------------+---------------------------------------+---------------+-------------+------------+


+-------------------------------------------------------------------------------------------------------------------------------+
; Flow Elapsed Time                                                                                                             ;
+---------------------------+--------------+-------------------------+---------------------+------------------------------------+
; Module Name               ; Elapsed Time ; Average Processors Used ; Peak Virtual Memory ; Total CPU Time (on all processors) ;
+---------------------------+--------------+-------------------------+---------------------+------------------------------------+
; Analysis & Synthesis      ; 00:00:47     ; 1.0                     ; 1081 MB             ; 00:01:11                           ;
; Fitter                    ; 00:01:15     ; 1.0                     ; 1324 MB             ; 00:01:15                           ;
; Assembler                 ; 00:00:08     ; 1.0                     ; 871 MB              ; 00:00:08                           ;
; TimeQuest Timing Analyzer ; 00:00:04     ; 1.0                     ; 932 MB              ; 00:00:05                           ;
; Total                     ; 00:02:14     ; --                      ; --                  ; 00:02:39                           ;
+---------------------------+--------------+-------------------------+---------------------+------------------------------------+


+---------------------------------------------------------------------------------------------------+
; Flow OS Summary                                                                                   ;
+---------------------------+------------------------+----------------+------------+----------------+
; Module Name               ; Machine Hostname       ; OS Name        ; OS Version ; Processor type ;
+---------------------------+------------------------+----------------+------------+----------------+
; Analysis & Synthesis      ; luccas-Aspire-V5-571PG ; Ubuntu 14.04.2 ; 14         ; x86_64         ;
; Fitter                    ; luccas-Aspire-V5-571PG ; Ubuntu 14.04.2 ; 14         ; x86_64         ;
; Assembler                 ; luccas-Aspire-V5-571PG ; Ubuntu 14.04.2 ; 14         ; x86_64         ;
; TimeQuest Timing Analyzer ; luccas-Aspire-V5-571PG ; Ubuntu 14.04.2 ; 14         ; x86_64         ;
+---------------------------+------------------------+----------------+------------+----------------+


------------
; Flow Log ;
------------
quartus_map --read_settings_files=on --write_settings_files=off AP9 -c AP9
quartus_fit --read_settings_files=off --write_settings_files=off AP9 -c AP9
quartus_asm --read_settings_files=off --write_settings_files=off AP9 -c AP9
quartus_sta AP9 -c AP9



