MIF/HEX Update report for AP9
Sat May 16 15:05:31 2015
Quartus II 64-Bit Version 14.1.1 Build 190 01/19/2015 SJ Web Edition


---------------------
; Table of Contents ;
---------------------
  1. Legal Notice
  2. MIF/HEX Update Summary
  3. MIF/HEX Update Processed Files
  4. MIF/HEX Update Messages



----------------
; Legal Notice ;
----------------
Copyright (C) 1991-2015 Altera Corporation. All rights reserved.
Your use of Altera Corporation's design tools, logic functions 
and other software and tools, and its AMPP partner logic 
functions, and any output files from any of the foregoing 
(including device programming or simulation files), and any 
associated documentation or information are expressly subject 
to the terms and conditions of the Altera Program License 
Subscription Agreement, the Altera Quartus II License Agreement,
the Altera MegaCore Function License Agreement, or other 
applicable license agreement, including, without limitation, 
that your use is for the sole purpose of programming logic 
devices manufactured by Altera and sold by Altera or its 
authorized distributors.  Please refer to the applicable 
agreement for further details.



+---------------------------------------------------------------+
; MIF/HEX Update Summary                                        ;
+-----------------------+---------------------------------------+
; MIF/HEX Update Status ; Successful - Sat May 16 15:05:31 2015 ;
; Revision Name         ; AP9                                   ;
; Top-level Entity Name ; AP9                                   ;
; Family                ; Cyclone IV E                          ;
; Device                ; EP4CE115F29C7                         ;
+-----------------------+---------------------------------------+


+-----------------------------------------------+
; MIF/HEX Update Processed Files                ;
+-----------------------------------------------+
; File Name                                     ;
+-----------------------------------------------+
; /home/luccas/p2/AP9 - Template/bootloader.mif ;
; /home/luccas/p2/AP9 - Template/cpuram.mif     ;
+-----------------------------------------------+


+-------------------------+
; MIF/HEX Update Messages ;
+-------------------------+
Info: *******************************************************************
Info: Running Quartus II 64-Bit MIF/HEX Update
    Info: Version 14.1.1 Build 190 01/19/2015 SJ Web Edition
    Info: Processing started: Sat May 16 15:05:29 2015
Info: Command: quartus_cdb AP9 -c AP9 --update_mif
Info (39024): Processed the following Memory Initialization File(s)
    Info (39025): Processed Memory Initialization File /home/luccas/p2/AP9 - Template/bootloader.mif
    Info (39025): Processed Memory Initialization File /home/luccas/p2/AP9 - Template/cpuram.mif
Info: Quartus II 64-Bit MIF/HEX Update was successful. 0 errors, 0 warnings
    Info: Peak virtual memory: 1229 megabytes
    Info: Processing ended: Sat May 16 15:05:32 2015
    Info: Elapsed time: 00:00:03
    Info: Total CPU time (on all processors): 00:00:02


